2022-12-10 11:44:51.629  INFO 9132 --- [restartedMain] com.tweetapp.TweetappApplication         : Starting TweetappApplication using Java 15.0.2 on sch with PID 9132 (E:\tweetapp\tweetapp-be\git\tweetapp-spring\target\classes started by USER in E:\tweetapp\tweetapp-be\git\tweetapp-spring)
2022-12-10 11:44:51.681  INFO 9132 --- [restartedMain] com.tweetapp.TweetappApplication         : No active profile set, falling back to default profiles: default
2022-12-10 11:44:52.690  INFO 9132 --- [restartedMain] .e.DevToolsPropertyDefaultsPostProcessor : Devtools property defaults active! Set 'spring.devtools.add-properties' to 'false' to disable
2022-12-10 11:44:52.691  INFO 9132 --- [restartedMain] .e.DevToolsPropertyDefaultsPostProcessor : For additional web related logging consider setting the 'logging.level.web' property to 'DEBUG'
2022-12-10 11:45:00.814  INFO 9132 --- [restartedMain] .s.d.r.c.RepositoryConfigurationDelegate : Multiple Spring Data modules found, entering strict repository configuration mode!
2022-12-10 11:45:00.815  INFO 9132 --- [restartedMain] .s.d.r.c.RepositoryConfigurationDelegate : Bootstrapping Spring Data JPA repositories in DEFAULT mode.
2022-12-10 11:45:01.190  INFO 9132 --- [restartedMain] .s.d.r.c.RepositoryConfigurationDelegate : Finished Spring Data repository scanning in 349 ms. Found 4 JPA repository interfaces.
2022-12-10 11:45:03.279  INFO 9132 --- [restartedMain] .s.d.r.c.RepositoryConfigurationDelegate : Multiple Spring Data modules found, entering strict repository configuration mode!
2022-12-10 11:45:03.280  INFO 9132 --- [restartedMain] .s.d.r.c.RepositoryConfigurationDelegate : Bootstrapping Spring Data JDBC repositories in DEFAULT mode.
2022-12-10 11:45:03.325  INFO 9132 --- [restartedMain] .RepositoryConfigurationExtensionSupport : Spring Data JDBC - Could not safely identify store assignment for repository candidate interface com.tweetapp.repository.CommentRepository. If you want this repository to be a JDBC repository, consider annotating your entities with one of these annotations: org.springframework.data.relational.core.mapping.Table.
2022-12-10 11:45:03.327  INFO 9132 --- [restartedMain] .RepositoryConfigurationExtensionSupport : Spring Data JDBC - Could not safely identify store assignment for repository candidate interface com.tweetapp.repository.LikeRepository. If you want this repository to be a JDBC repository, consider annotating your entities with one of these annotations: org.springframework.data.relational.core.mapping.Table.
2022-12-10 11:45:03.330  INFO 9132 --- [restartedMain] .RepositoryConfigurationExtensionSupport : Spring Data JDBC - Could not safely identify store assignment for repository candidate interface com.tweetapp.repository.TweetRepository. If you want this repository to be a JDBC repository, consider annotating your entities with one of these annotations: org.springframework.data.relational.core.mapping.Table.
2022-12-10 11:45:03.347  INFO 9132 --- [restartedMain] .RepositoryConfigurationExtensionSupport : Spring Data JDBC - Could not safely identify store assignment for repository candidate interface com.tweetapp.repository.UsersRepository. If you want this repository to be a JDBC repository, consider annotating your entities with one of these annotations: org.springframework.data.relational.core.mapping.Table.
2022-12-10 11:45:03.354  INFO 9132 --- [restartedMain] .s.d.r.c.RepositoryConfigurationDelegate : Finished Spring Data repository scanning in 73 ms. Found 0 JDBC repository interfaces.
2022-12-10 11:45:10.162  INFO 9132 --- [restartedMain] o.s.b.w.embedded.tomcat.TomcatWebServer  : Tomcat initialized with port(s): 8080 (http)
2022-12-10 11:45:10.270  INFO 9132 --- [restartedMain] o.apache.catalina.core.StandardService   : Starting service [Tomcat]
2022-12-10 11:45:10.271  INFO 9132 --- [restartedMain] org.apache.catalina.core.StandardEngine  : Starting Servlet engine: [Apache Tomcat/9.0.50]
2022-12-10 11:45:10.897  INFO 9132 --- [restartedMain] o.a.c.c.C.[Tomcat].[localhost].[/]       : Initializing Spring embedded WebApplicationContext
2022-12-10 11:45:10.898  INFO 9132 --- [restartedMain] w.s.c.ServletWebServerApplicationContext : Root WebApplicationContext: initialization completed in 18205 ms
2022-12-10 11:45:12.650  INFO 9132 --- [restartedMain] o.hibernate.jpa.internal.util.LogHelper  : HHH000204: Processing PersistenceUnitInfo [name: default]
2022-12-10 11:45:13.120  INFO 9132 --- [restartedMain] org.hibernate.Version                    : HHH000412: Hibernate ORM core version 5.4.32.Final
2022-12-10 11:45:14.458  INFO 9132 --- [restartedMain] o.hibernate.annotations.common.Version   : HCANN000001: Hibernate Commons Annotations {5.1.2.Final}
2022-12-10 11:45:15.272  INFO 9132 --- [restartedMain] com.zaxxer.hikari.HikariDataSource       : HikariPool-1 - Starting...
2022-12-10 11:45:16.420  INFO 9132 --- [restartedMain] com.zaxxer.hikari.HikariDataSource       : HikariPool-1 - Start completed.
2022-12-10 11:45:16.510  INFO 9132 --- [restartedMain] org.hibernate.dialect.Dialect            : HHH000400: Using dialect: org.hibernate.dialect.MySQL5InnoDBDialect
2022-12-10 11:45:21.261  INFO 9132 --- [restartedMain] o.h.e.t.j.p.i.JtaPlatformInitiator       : HHH000490: Using JtaPlatform implementation: [org.hibernate.engine.transaction.jta.platform.internal.NoJtaPlatform]
2022-12-10 11:45:21.311  INFO 9132 --- [restartedMain] j.LocalContainerEntityManagerFactoryBean : Initialized JPA EntityManagerFactory for persistence unit 'default'
2022-12-10 11:45:22.947  WARN 9132 --- [restartedMain] JpaBaseConfiguration$JpaWebConfiguration : spring.jpa.open-in-view is enabled by default. Therefore, database queries may be performed during view rendering. Explicitly configure spring.jpa.open-in-view to disable this warning
2022-12-10 11:45:23.379  INFO 9132 --- [restartedMain] o.s.b.d.a.OptionalLiveReloadServer       : LiveReload server is running on port 35729
2022-12-10 11:45:26.488 DEBUG 9132 --- [restartedMain] s.w.s.m.m.a.RequestMappingHandlerMapping : 18 mappings in 'requestMappingHandlerMapping'
2022-12-10 11:45:26.890  INFO 9132 --- [restartedMain] o.s.b.a.e.web.EndpointLinksResolver      : Exposing 2 endpoint(s) beneath base path '/actuator'
2022-12-10 11:45:27.823 DEBUG 9132 --- [restartedMain] o.s.w.s.handler.SimpleUrlHandlerMapping  : Patterns [/webjars/**, /**] in 'resourceHandlerMapping'
2022-12-10 11:45:27.936  INFO 9132 --- [restartedMain] o.s.s.web.DefaultSecurityFilterChain     : Will secure any request with [org.springframework.security.web.context.request.async.WebAsyncManagerIntegrationFilter@1dd76a8f, org.springframework.security.web.context.SecurityContextPersistenceFilter@2743fcbb, org.springframework.security.web.header.HeaderWriterFilter@79e3d452, org.springframework.web.filter.CorsFilter@721315b7, org.springframework.security.web.authentication.logout.LogoutFilter@6c9509ec, com.tweetapp.filters.JwtRequestFilter@1fcd8fc7, org.springframework.security.web.savedrequest.RequestCacheAwareFilter@3b148210, org.springframework.security.web.servletapi.SecurityContextHolderAwareRequestFilter@3e41e5f3, org.springframework.security.web.authentication.AnonymousAuthenticationFilter@519f8d84, org.springframework.security.web.session.SessionManagementFilter@52dbe670, org.springframework.security.web.access.ExceptionTranslationFilter@9bbcb93, org.springframework.security.web.access.intercept.FilterSecurityInterceptor@f4bbcad]
2022-12-10 11:45:28.369 DEBUG 9132 --- [restartedMain] s.w.s.m.m.a.RequestMappingHandlerAdapter : ControllerAdvice beans: 0 @ModelAttribute, 0 @InitBinder, 1 RequestBodyAdvice, 1 ResponseBodyAdvice
2022-12-10 11:45:28.568 DEBUG 9132 --- [restartedMain] .m.m.a.ExceptionHandlerExceptionResolver : ControllerAdvice beans: 1 @ExceptionHandler, 1 ResponseBodyAdvice
2022-12-10 11:45:30.269  INFO 9132 --- [restartedMain] o.s.b.w.embedded.tomcat.TomcatWebServer  : Tomcat started on port(s): 8080 (http) with context path ''
2022-12-10 11:45:30.271  INFO 9132 --- [restartedMain] d.s.w.p.DocumentationPluginsBootstrapper : Context refreshed
2022-12-10 11:45:30.377  INFO 9132 --- [restartedMain] d.s.w.p.DocumentationPluginsBootstrapper : Found 1 custom documentation plugin(s)
2022-12-10 11:45:30.411  INFO 9132 --- [restartedMain] s.d.s.w.s.ApiListingReferenceScanner     : Scanning for api listing references
2022-12-10 11:45:32.120  INFO 9132 --- [restartedMain] .d.s.w.r.o.CachingOperationNameGenerator : Generating unique operation named: handleUsingGET_1
2022-12-10 11:45:32.131  INFO 9132 --- [restartedMain] .d.s.w.r.o.CachingOperationNameGenerator : Generating unique operation named: handleUsingGET_2
2022-12-10 11:45:32.774  INFO 9132 --- [restartedMain] com.tweetapp.TweetappApplication         : Started TweetappApplication in 45.284 seconds (JVM running for 53.916)
